<?xml version="1.0" encoding="UTF-8"?>
<!-- Generated by org.testng.reporters.JUnitReportReporter -->
<testsuite hostname="P5-GKR0N62" name="DemoAction1.DemoHandelMenue" tests="1" failures="0" timestamp="17 Jun 2019 06:45:38 GMT" time="9.583" errors="0">
  <testcase name="f" time="9.583" classname="DemoAction1.DemoHandelMenue"/>
</testsuite> <!-- DemoAction1.DemoHandelMenue -->
