<?xml version="1.0" encoding="UTF-8"?>
<!-- Generated by org.testng.reporters.JUnitReportReporter -->
<testsuite hostname="P5-GKR0N62" name="DemoExcel.DemoReadData" tests="1" failures="0" timestamp="18 Jun 2019 04:57:48 GMT" time="0.874" errors="0">
  <testcase name="f" time="0.874" classname="DemoExcel.DemoReadData"/>
</testsuite> <!-- DemoExcel.DemoReadData -->
