<?xml version="1.0" encoding="UTF-8"?>
<!-- Generated by org.testng.reporters.JUnitReportReporter -->
<testsuite hostname="P5-GKR0N62" name="pack1.June2019.OpenMercury" tests="1" failures="0" timestamp="14 Jun 2019 06:45:08 GMT" time="48.663" errors="0">
  <testcase name="f" time="48.663" classname="pack1.June2019.OpenMercury"/>
</testsuite> <!-- pack1.June2019.OpenMercury -->
