<?xml version="1.0" encoding="UTF-8"?>
<!-- Generated by org.testng.reporters.JUnitReportReporter -->
<testsuite hostname="P5-GKR0N62" name="TestngFeatures.MercuryApp" tests="6" failures="0" timestamp="14 Jun 2019 06:14:53 GMT" time="0.016" errors="0">
  <testcase name="openBrowser" time="0.007" classname="TestngFeatures.MercuryApp"/>
  <testcase name="login" time="0.002" classname="TestngFeatures.MercuryApp"/>
  <testcase name="logout" time="0.001" classname="TestngFeatures.MercuryApp"/>
  <testcase name="bookFlight" time="0.001" classname="TestngFeatures.MercuryApp"/>
  <testcase name="OpenUrl" time="0.002" classname="TestngFeatures.MercuryApp"/>
  <testcase name="close" time="0.003" classname="TestngFeatures.MercuryApp"/>
</testsuite> <!-- TestngFeatures.MercuryApp -->
