<?xml version="1.0" encoding="UTF-8"?>
<!-- Generated by org.testng.reporters.JUnitReportReporter -->
<testsuite hostname="P5-GKR0N62" name="DemoExcel.DemoWorkBookCreation" tests="1" failures="0" timestamp="17 Jun 2019 11:27:43 GMT" time="0.755" errors="0">
  <testcase name="f" time="0.755" classname="DemoExcel.DemoWorkBookCreation"/>
</testsuite> <!-- DemoExcel.DemoWorkBookCreation -->
