<?xml version="1.0" encoding="UTF-8"?>
<!-- Generated by org.testng.reporters.JUnitReportReporter -->
<testsuite hostname="P5-GKR0N62" name="DemoAction1.DemoDragandDrop" tests="1" failures="0" timestamp="17 Jun 2019 06:18:39 GMT" time="1.903" errors="0">
  <testcase name="f" time="1.903" classname="DemoAction1.DemoDragandDrop"/>
</testsuite> <!-- DemoAction1.DemoDragandDrop -->
