<?xml version="1.0" encoding="UTF-8"?>
<!-- Generated by org.testng.reporters.JUnitReportReporter -->
<testsuite hostname="P5-GKR0N62" name="TestngFeatures.DemoExecutionSequence" tests="1" failures="0" timestamp="14 Jun 2019 06:14:53 GMT" time="0.005" errors="0">
  <testcase name="f" time="0.005" classname="TestngFeatures.DemoExecutionSequence"/>
</testsuite> <!-- TestngFeatures.DemoExecutionSequence -->
