<?xml version="1.0" encoding="UTF-8"?>
<!-- Generated by org.testng.reporters.JUnitReportReporter -->
<testsuite hostname="P5-GKR0N62" name="DemoWebdriver.DemoNavigation" tests="1" failures="0" timestamp="14 Jun 2019 11:25:40 GMT" time="18.312" errors="0">
  <testcase name="f" time="18.312" classname="DemoWebdriver.DemoNavigation"/>
</testsuite> <!-- DemoWebdriver.DemoNavigation -->
