<?xml version="1.0" encoding="UTF-8"?>
<!-- Generated by org.testng.reporters.JUnitReportReporter -->
<testsuite hostname="P5-GKR0N62" name="TestngFeatures.DemoDataProvider" tests="3" failures="0" timestamp="14 Jun 2019 06:14:53 GMT" time="0.009" errors="0">
  <testcase name="login" time="0.001" classname="TestngFeatures.DemoDataProvider"/>
  <testcase name="login" time="0.002" classname="TestngFeatures.DemoDataProvider"/>
  <testcase name="login" time="0.006" classname="TestngFeatures.DemoDataProvider"/>
</testsuite> <!-- TestngFeatures.DemoDataProvider -->
