<?xml version="1.0" encoding="UTF-8"?>
<!-- Generated by org.testng.reporters.JUnitReportReporter -->
<testsuite hostname="P5-GKR0N62" name="DemoWebdriver.DemoRegister" tests="1" failures="0" timestamp="14 Jun 2019 09:07:56 GMT" time="42.835" errors="0">
  <testcase name="f" time="42.835" classname="DemoWebdriver.DemoRegister"/>
</testsuite> <!-- DemoWebdriver.DemoRegister -->
