<?xml version="1.0" encoding="UTF-8"?>
<!-- Generated by org.testng.reporters.JUnitReportReporter -->
<testsuite hostname="P5-GKR0N62" name="DemoExcel.DFemoWriteExcel" tests="1" failures="0" timestamp="18 Jun 2019 05:17:57 GMT" time="1.439" errors="0">
  <testcase name="f" time="1.439" classname="DemoExcel.DFemoWriteExcel"/>
</testsuite> <!-- DemoExcel.DFemoWriteExcel -->
