<?xml version="1.0" encoding="UTF-8"?>
<!-- Generated by org.testng.reporters.JUnitReportReporter -->
<testsuite hostname="P5-GKR0N62" name="DemoWebdriver.DemoUrlNSource" tests="1" failures="0" timestamp="14 Jun 2019 10:25:01 GMT" time="14.796" errors="0">
  <testcase name="f" time="14.796" classname="DemoWebdriver.DemoUrlNSource"/>
</testsuite> <!-- DemoWebdriver.DemoUrlNSource -->
