<?xml version="1.0" encoding="UTF-8"?>
<!-- Generated by org.testng.reporters.JUnitReportReporter -->
<testsuite hostname="P5-GKR0N62" name="DemoWebdriver.Demoframes" tests="1" failures="0" timestamp="17 Jun 2019 05:19:12 GMT" time="19.235" errors="0">
  <testcase name="f" time="19.235" classname="DemoWebdriver.Demoframes"/>
</testsuite> <!-- DemoWebdriver.Demoframes -->
