<?xml version="1.0" encoding="UTF-8"?>
<!-- Generated by org.testng.reporters.JUnitReportReporter -->
<testsuite hostname="P5-GKR0N62" name="DemoWebdriver.DemoWindow" tests="1" failures="0" timestamp="17 Jun 2019 09:14:20 GMT" time="10.712" errors="0">
  <testcase name="f" time="10.712" classname="DemoWebdriver.DemoWindow"/>
</testsuite> <!-- DemoWebdriver.DemoWindow -->
