<?xml version="1.0" encoding="UTF-8"?>
<!-- Generated by org.testng.reporters.JUnitReportReporter -->
<testsuite hostname="P5-GKR0N62" name="DemoExcel.NewTest" tests="1" failures="0" timestamp="18 Jun 2019 04:17:49 GMT" time="15.490" errors="0">
  <testcase name="f" time="15.490" classname="DemoExcel.NewTest"/>
</testsuite> <!-- DemoExcel.NewTest -->
