<?xml version="1.0" encoding="UTF-8"?>
<!-- Generated by org.testng.reporters.JUnitReportReporter -->
<testsuite hostname="P5-GKR0N62" name="pack1.June2019.OpenGoogle" tests="1" failures="0" timestamp="13 Jun 2019 11:52:59 GMT" time="9.143" errors="0">
  <testcase name="f" time="9.143" classname="pack1.June2019.OpenGoogle"/>
</testsuite> <!-- pack1.June2019.OpenGoogle -->
