<?xml version="1.0" encoding="UTF-8"?>
<!-- Generated by org.testng.reporters.JUnitReportReporter -->
<testsuite hostname="P5-GKR0N62" name="DemoWebdriver.HerokuAppLogin" tests="1" failures="0" timestamp="14 Jun 2019 10:02:19 GMT" time="9.235" errors="0">
  <testcase name="f" time="9.235" classname="DemoWebdriver.HerokuAppLogin"/>
</testsuite> <!-- DemoWebdriver.HerokuAppLogin -->
