<?xml version="1.0" encoding="UTF-8"?>
<!-- Generated by org.testng.reporters.JUnitReportReporter -->
<testsuite hostname="P5-GKR0N62" name="DemoExcel.TestMeAppLoginDDT" tests="3" failures="0" timestamp="18 Jun 2019 09:01:56 GMT" time="7.508" errors="0">
  <testcase name="testmeapplogin" time="1.228" classname="DemoExcel.TestMeAppLoginDDT"/>
  <testcase name="testmeapplogin" time="1.010" classname="DemoExcel.TestMeAppLoginDDT"/>
  <testcase name="testmeapplogin" time="5.270" classname="DemoExcel.TestMeAppLoginDDT"/>
</testsuite> <!-- DemoExcel.TestMeAppLoginDDT -->
