<?xml version="1.0" encoding="UTF-8"?>
<!-- Generated by org.testng.reporters.JUnitReportReporter -->
<testsuite hostname="P5-GKR0N62" name="DemoWebdriver.DemoAlert" tests="1" failures="0" timestamp="17 Jun 2019 04:43:29 GMT" time="29.121" errors="0">
  <testcase name="f" time="29.121" classname="DemoWebdriver.DemoAlert"/>
</testsuite> <!-- DemoWebdriver.DemoAlert -->
