<?xml version="1.0" encoding="UTF-8"?>
<!-- Generated by org.testng.reporters.JUnitReportReporter -->
<testsuite hostname="P5-GKR0N62" name="Pack1001.NewTest" tests="1" failures="0" timestamp="20 Jun 2019 06:52:10 GMT" time="8.351" errors="0">
  <testcase name="f" time="8.351" classname="Pack1001.NewTest"/>
</testsuite> <!-- Pack1001.NewTest -->
